<?xml version="1.0" encoding="UTF-8"?>
<!-- Generated by org.testng.reporters.JUnitReportReporter -->
<testsuite hostname="SRIRAMA1020" failures="0" tests="3" name="TestSuite1.Module2" time="0.007" errors="0" timestamp="2023-11-10T22:55:31 EST" skipped="0">
  <testcase classname="TestSuite1.Module2" name="test001" time="0.004"/>
  <system-out/>
  <testcase classname="TestSuite1.Module2" name="test003" time="0.001"/>
  <system-out/>
  <testcase classname="TestSuite1.Module2" name="test002" time="0.002"/>
  <system-out/>
</testsuite> <!-- TestSuite1.Module2 -->
