<?xml version="1.0" encoding="UTF-8"?>
<!-- Generated by org.testng.reporters.JUnitReportReporter -->
<testsuite hostname="SRIRAMA1020" failures="0" tests="5" name="TestSuite1.Module1" time="10.076" errors="0" timestamp="2023-11-15T18:50:51 EST" skipped="0">
  <testcase classname="TestSuite1.Module1" name="login" time="0.001"/>
  <system-out/>
  <testcase classname="TestSuite1.Module1" name="test003" time="4.760"/>
  <system-out/>
  <testcase classname="TestSuite1.Module1" name="test002" time="2.437"/>
  <system-out/>
  <testcase classname="TestSuite1.Module1" name="test001" time="2.870"/>
  <system-out/>
  <testcase classname="TestSuite1.Module1" name="login" time="0.008"/>
  <system-out/>
</testsuite> <!-- TestSuite1.Module1 -->
